<?xml version="1.0" encoding="UTF-8"?>
<testng-results ignored="0" total="1" passed="1" failed="0" skipped="0">
  <reporter-output>
  </reporter-output>
  <suite started-at="2023-07-28T16:36:12 IST" name="Suite" finished-at="2023-07-28T16:36:12 IST" duration-ms="63">
    <groups>
    </groups>
    <test started-at="2023-07-28T16:36:12 IST" name="Test" finished-at="2023-07-28T16:36:12 IST" duration-ms="63">
      <class name="testng_Frameworkk.Class1">
        <test-method signature="user()[pri:0, instance:testng_Frameworkk.Class1@8dbdac1]" started-at="2023-07-28T16:36:12 IST" name="user" finished-at="2023-07-28T16:36:12 IST" duration-ms="12" status="PASS">
          <reporter-output>
          </reporter-output>
        </test-method> <!-- user -->
      </class> <!-- testng_Frameworkk.Class1 -->
    </test> <!-- Test -->
  </suite> <!-- Suite -->
</testng-results>
